{
  "C:\\Users\\ethan\\Coding\\EthanBlackwoodOfficial\\src\\App.jsx": {
    "path": "C:\\Users\\ethan\\Coding\\EthanBlackwoodOfficial\\src\\App.jsx",
    "statementMap": {
      "0": { "start": { "line": 9, "column": 2 }, "end": { "line": 19, "column": null } }
    },
    "fnMap": {
      "0": {
        "name": "App",
        "decl": { "start": { "line": 8, "column": 9 }, "end": { "line": 8, "column": 15 } },
        "loc": { "start": { "line": 8, "column": 15 }, "end": { "line": 19, "column": null } },
        "line": 8
      }
    },
    "branchMap": {},
    "s": { "0": 1 },
    "f": { "0": 1 },
    "b": {},
    "meta": {
      "lastBranch": 0,
      "lastFunction": 1,
      "lastStatement": 1,
      "seen": { "f:8:9:8:15": 0, "s:9:2:19:Infinity": 0 }
    }
  },
  "C:\\Users\\ethan\\Coding\\EthanBlackwoodOfficial\\src\\Contact.jsx": {
    "path": "C:\\Users\\ethan\\Coding\\EthanBlackwoodOfficial\\src\\Contact.jsx",
    "statementMap": {
      "0": { "start": { "line": 4, "column": 6 }, "end": { "line": 105, "column": null } },
      "1": { "start": { "line": 5, "column": 2 }, "end": { "line": 7, "column": null } },
      "2": { "start": { "line": 6, "column": 4 }, "end": { "line": 6, "column": null } },
      "3": { "start": { "line": 9, "column": 23 }, "end": { "line": 9, "column": 57 } },
      "4": { "start": { "line": 10, "column": 20 }, "end": { "line": 10, "column": 51 } },
      "5": { "start": { "line": 12, "column": 23 }, "end": { "line": 39, "column": null } },
      "6": { "start": { "line": 14, "column": 4 }, "end": { "line": 14, "column": null } },
      "7": { "start": { "line": 15, "column": 4 }, "end": { "line": 15, "column": null } },
      "8": { "start": { "line": 17, "column": 17 }, "end": { "line": 17, "column": null } },
      "9": { "start": { "line": 18, "column": 17 }, "end": { "line": 18, "column": 35 } },
      "10": { "start": { "line": 20, "column": 4 }, "end": { "line": 36, "column": null } },
      "11": { "start": { "line": 21, "column": 23 }, "end": { "line": 27, "column": 8 } },
      "12": { "start": { "line": 29, "column": 6 }, "end": { "line": 33, "column": null } },
      "13": { "start": { "line": 30, "column": 8 }, "end": { "line": 30, "column": null } },
      "14": { "start": { "line": 31, "column": 8 }, "end": { "line": 31, "column": null } },
      "15": { "start": { "line": 33, "column": 8 }, "end": { "line": 33, "column": null } },
      "16": { "start": { "line": 36, "column": 6 }, "end": { "line": 36, "column": null } },
      "17": { "start": { "line": 39, "column": 4 }, "end": { "line": 39, "column": null } },
      "18": { "start": { "line": 42, "column": 2 }, "end": { "line": 105, "column": null } }
    },
    "fnMap": {
      "0": {
        "name": "(anonymous_0)",
        "decl": { "start": { "line": 4, "column": 6 }, "end": { "line": 4, "column": 22 } },
        "loc": { "start": { "line": 4, "column": 22 }, "end": { "line": 105, "column": null } },
        "line": 4
      },
      "1": {
        "name": "(anonymous_1)",
        "decl": { "start": { "line": 5, "column": 2 }, "end": { "line": 5, "column": 18 } },
        "loc": { "start": { "line": 5, "column": 18 }, "end": { "line": 7, "column": 7 } },
        "line": 5
      },
      "2": {
        "name": "(anonymous_2)",
        "decl": { "start": { "line": 12, "column": 23 }, "end": { "line": 12, "column": 30 } },
        "loc": { "start": { "line": 12, "column": 36 }, "end": { "line": 39, "column": null } },
        "line": 12
      }
    },
    "branchMap": {
      "0": {
        "loc": { "start": { "line": 29, "column": 6 }, "end": { "line": 33, "column": null } },
        "type": "if",
        "locations": [
          { "start": { "line": 29, "column": 6 }, "end": { "line": 33, "column": null } },
          { "start": { "line": 32, "column": 13 }, "end": { "line": 33, "column": null } }
        ],
        "line": 29
      },
      "1": {
        "loc": { "start": { "line": 87, "column": 11 }, "end": { "line": 97, "column": null } },
        "type": "cond-expr",
        "locations": [
          { "start": { "line": 88, "column": 12 }, "end": { "line": 95, "column": 13 } },
          { "start": { "line": 95, "column": 12 }, "end": { "line": 97, "column": null } }
        ],
        "line": 87
      },
      "2": {
        "loc": { "start": { "line": 96, "column": 15 }, "end": { "line": 96, "column": null } },
        "type": "cond-expr",
        "locations": [
          { "start": { "line": 96, "column": 30 }, "end": { "line": 96, "column": 48 } },
          { "start": { "line": 96, "column": 48 }, "end": { "line": 96, "column": null } }
        ],
        "line": 96
      }
    },
    "s": {
      "0": 2,
      "1": 9,
      "2": 3,
      "3": 9,
      "4": 9,
      "5": 9,
      "6": 3,
      "7": 3,
      "8": 3,
      "9": 3,
      "10": 3,
      "11": 3,
      "12": 2,
      "13": 1,
      "14": 1,
      "15": 1,
      "16": 1,
      "17": 3,
      "18": 9
    },
    "f": { "0": 9, "1": 3, "2": 3 },
    "b": { "0": [1, 1], "1": [1, 8], "2": [3, 5] },
    "meta": {
      "lastBranch": 3,
      "lastFunction": 3,
      "lastStatement": 19,
      "seen": {
        "s:4:6:105:Infinity": 0,
        "f:4:6:4:22": 0,
        "s:5:2:7:Infinity": 1,
        "f:5:2:5:18": 1,
        "s:6:4:6:Infinity": 2,
        "s:9:23:9:57": 3,
        "s:10:20:10:51": 4,
        "s:12:23:39:Infinity": 5,
        "f:12:23:12:30": 2,
        "s:14:4:14:Infinity": 6,
        "s:15:4:15:Infinity": 7,
        "s:17:17:17:Infinity": 8,
        "s:18:17:18:35": 9,
        "s:20:4:36:Infinity": 10,
        "s:21:23:27:8": 11,
        "b:29:6:33:Infinity:32:13:33:Infinity": 0,
        "s:29:6:33:Infinity": 12,
        "s:30:8:30:Infinity": 13,
        "s:31:8:31:Infinity": 14,
        "s:33:8:33:Infinity": 15,
        "s:36:6:36:Infinity": 16,
        "s:39:4:39:Infinity": 17,
        "s:42:2:105:Infinity": 18,
        "b:88:12:95:13:95:12:97:Infinity": 1,
        "b:96:30:96:48:96:48:96:Infinity": 2
      }
    }
  },
  "C:\\Users\\ethan\\Coding\\EthanBlackwoodOfficial\\src\\Education.jsx": {
    "path": "C:\\Users\\ethan\\Coding\\EthanBlackwoodOfficial\\src\\Education.jsx",
    "statementMap": {
      "0": { "start": { "line": 3, "column": 6 }, "end": { "line": 68, "column": null } },
      "1": { "start": { "line": 4, "column": 25 }, "end": { "line": 19, "column": null } },
      "2": { "start": { "line": 22, "column": 2 }, "end": { "line": 68, "column": null } },
      "3": { "start": { "line": 37, "column": 12 }, "end": { "line": 64, "column": null } },
      "4": { "start": { "line": 55, "column": 20 }, "end": { "line": 55, "column": null } }
    },
    "fnMap": {
      "0": {
        "name": "(anonymous_0)",
        "decl": { "start": { "line": 3, "column": 6 }, "end": { "line": 3, "column": 24 } },
        "loc": { "start": { "line": 3, "column": 24 }, "end": { "line": 68, "column": null } },
        "line": 3
      },
      "1": {
        "name": "(anonymous_1)",
        "decl": { "start": { "line": 36, "column": 26 }, "end": { "line": 36, "column": 31 } },
        "loc": { "start": { "line": 37, "column": 12 }, "end": { "line": 64, "column": null } },
        "line": 37
      },
      "2": {
        "name": "(anonymous_2)",
        "decl": { "start": { "line": 54, "column": 31 }, "end": { "line": 54, "column": 36 } },
        "loc": { "start": { "line": 55, "column": 20 }, "end": { "line": 55, "column": null } },
        "line": 55
      }
    },
    "branchMap": {},
    "s": { "0": 2, "1": 3, "2": 3, "3": 3, "4": 9 },
    "f": { "0": 3, "1": 3, "2": 9 },
    "b": {},
    "meta": {
      "lastBranch": 0,
      "lastFunction": 3,
      "lastStatement": 5,
      "seen": {
        "s:3:6:68:Infinity": 0,
        "f:3:6:3:24": 0,
        "s:4:25:19:Infinity": 1,
        "s:22:2:68:Infinity": 2,
        "f:36:26:36:31": 1,
        "s:37:12:64:Infinity": 3,
        "f:54:31:54:36": 2,
        "s:55:20:55:Infinity": 4
      }
    }
  },
  "C:\\Users\\ethan\\Coding\\EthanBlackwoodOfficial\\src\\Experience.jsx": {
    "path": "C:\\Users\\ethan\\Coding\\EthanBlackwoodOfficial\\src\\Experience.jsx",
    "statementMap": {
      "0": { "start": { "line": 3, "column": 6 }, "end": { "line": 105, "column": null } },
      "1": { "start": { "line": 4, "column": 25 }, "end": { "line": 57, "column": null } },
      "2": { "start": { "line": 59, "column": 2 }, "end": { "line": 105, "column": null } },
      "3": { "start": { "line": 74, "column": 12 }, "end": { "line": 101, "column": null } },
      "4": { "start": { "line": 92, "column": 20 }, "end": { "line": 92, "column": null } }
    },
    "fnMap": {
      "0": {
        "name": "(anonymous_0)",
        "decl": { "start": { "line": 3, "column": 6 }, "end": { "line": 3, "column": 25 } },
        "loc": { "start": { "line": 3, "column": 25 }, "end": { "line": 105, "column": null } },
        "line": 3
      },
      "1": {
        "name": "(anonymous_1)",
        "decl": { "start": { "line": 73, "column": 26 }, "end": { "line": 73, "column": 31 } },
        "loc": { "start": { "line": 74, "column": 12 }, "end": { "line": 101, "column": null } },
        "line": 74
      },
      "2": {
        "name": "(anonymous_2)",
        "decl": { "start": { "line": 91, "column": 31 }, "end": { "line": 91, "column": 36 } },
        "loc": { "start": { "line": 92, "column": 20 }, "end": { "line": 92, "column": null } },
        "line": 92
      }
    },
    "branchMap": {},
    "s": { "0": 2, "1": 3, "2": 3, "3": 9, "4": 27 },
    "f": { "0": 3, "1": 9, "2": 27 },
    "b": {},
    "meta": {
      "lastBranch": 0,
      "lastFunction": 3,
      "lastStatement": 5,
      "seen": {
        "s:3:6:105:Infinity": 0,
        "f:3:6:3:25": 0,
        "s:4:25:57:Infinity": 1,
        "s:59:2:105:Infinity": 2,
        "f:73:26:73:31": 1,
        "s:74:12:101:Infinity": 3,
        "f:91:31:91:36": 2,
        "s:92:20:92:Infinity": 4
      }
    }
  },
  "C:\\Users\\ethan\\Coding\\EthanBlackwoodOfficial\\src\\Footer.jsx": {
    "path": "C:\\Users\\ethan\\Coding\\EthanBlackwoodOfficial\\src\\Footer.jsx",
    "statementMap": {
      "0": { "start": { "line": 5, "column": 6 }, "end": { "line": 38, "column": null } },
      "1": { "start": { "line": 6, "column": 2 }, "end": { "line": 38, "column": null } }
    },
    "fnMap": {
      "0": {
        "name": "(anonymous_0)",
        "decl": { "start": { "line": 5, "column": 6 }, "end": { "line": 5, "column": 21 } },
        "loc": { "start": { "line": 5, "column": 21 }, "end": { "line": 38, "column": null } },
        "line": 5
      }
    },
    "branchMap": {},
    "s": { "0": 1, "1": 1 },
    "f": { "0": 1 },
    "b": {},
    "meta": {
      "lastBranch": 0,
      "lastFunction": 1,
      "lastStatement": 2,
      "seen": { "s:5:6:38:Infinity": 0, "f:5:6:5:21": 0, "s:6:2:38:Infinity": 1 }
    }
  },
  "C:\\Users\\ethan\\Coding\\EthanBlackwoodOfficial\\src\\Home.jsx": {
    "path": "C:\\Users\\ethan\\Coding\\EthanBlackwoodOfficial\\src\\Home.jsx",
    "statementMap": {
      "0": { "start": { "line": 11, "column": 6 }, "end": { "line": 56, "column": null } },
      "1": { "start": { "line": 12, "column": 8 }, "end": { "line": 12, "column": 32 } },
      "2": { "start": { "line": 14, "column": 2 }, "end": { "line": 23, "column": null } },
      "3": { "start": { "line": 15, "column": 4 }, "end": { "line": 21, "column": null } },
      "4": { "start": { "line": 16, "column": 22 }, "end": { "line": 16, "column": 73 } },
      "5": { "start": { "line": 17, "column": 6 }, "end": { "line": 18, "column": null } },
      "6": { "start": { "line": 18, "column": 8 }, "end": { "line": 18, "column": null } },
      "7": { "start": { "line": 21, "column": 6 }, "end": { "line": 21, "column": null } },
      "8": { "start": { "line": 24, "column": 2 }, "end": { "line": 56, "column": null } }
    },
    "fnMap": {
      "0": {
        "name": "(anonymous_0)",
        "decl": { "start": { "line": 11, "column": 6 }, "end": { "line": 11, "column": 19 } },
        "loc": { "start": { "line": 11, "column": 19 }, "end": { "line": 56, "column": null } },
        "line": 11
      },
      "1": {
        "name": "(anonymous_1)",
        "decl": { "start": { "line": 14, "column": 2 }, "end": { "line": 14, "column": 18 } },
        "loc": { "start": { "line": 14, "column": 18 }, "end": { "line": 23, "column": 6 } },
        "line": 14
      }
    },
    "branchMap": {
      "0": {
        "loc": { "start": { "line": 15, "column": 4 }, "end": { "line": 21, "column": null } },
        "type": "if",
        "locations": [
          { "start": { "line": 15, "column": 4 }, "end": { "line": 21, "column": null } },
          { "start": { "line": 20, "column": 11 }, "end": { "line": 21, "column": null } }
        ],
        "line": 15
      },
      "1": {
        "loc": { "start": { "line": 17, "column": 6 }, "end": { "line": 18, "column": null } },
        "type": "if",
        "locations": [
          { "start": { "line": 17, "column": 6 }, "end": { "line": 18, "column": null } },
          { "start": {}, "end": {} }
        ],
        "line": 17
      }
    },
    "s": { "0": 2, "1": 3, "2": 3, "3": 3, "4": 1, "5": 1, "6": 1, "7": 2, "8": 3 },
    "f": { "0": 3, "1": 3 },
    "b": { "0": [1, 2], "1": [1, 0] },
    "meta": {
      "lastBranch": 2,
      "lastFunction": 2,
      "lastStatement": 9,
      "seen": {
        "s:11:6:56:Infinity": 0,
        "f:11:6:11:19": 0,
        "s:12:8:12:32": 1,
        "s:14:2:23:Infinity": 2,
        "f:14:2:14:18": 1,
        "b:15:4:21:Infinity:20:11:21:Infinity": 0,
        "s:15:4:21:Infinity": 3,
        "s:16:22:16:73": 4,
        "b:17:6:18:Infinity:undefined:undefined:undefined:undefined": 1,
        "s:17:6:18:Infinity": 5,
        "s:18:8:18:Infinity": 6,
        "s:21:6:21:Infinity": 7,
        "s:24:2:56:Infinity": 8
      }
    }
  },
  "C:\\Users\\ethan\\Coding\\EthanBlackwoodOfficial\\src\\Mission.jsx": {
    "path": "C:\\Users\\ethan\\Coding\\EthanBlackwoodOfficial\\src\\Mission.jsx",
    "statementMap": {
      "0": { "start": { "line": 4, "column": 6 }, "end": { "line": 38, "column": null } },
      "1": { "start": { "line": 5, "column": 2 }, "end": { "line": 38, "column": null } }
    },
    "fnMap": {
      "0": {
        "name": "(anonymous_0)",
        "decl": { "start": { "line": 4, "column": 6 }, "end": { "line": 4, "column": 22 } },
        "loc": { "start": { "line": 4, "column": 22 }, "end": { "line": 38, "column": null } },
        "line": 4
      }
    },
    "branchMap": {},
    "s": { "0": 2, "1": 3 },
    "f": { "0": 3 },
    "b": {},
    "meta": {
      "lastBranch": 0,
      "lastFunction": 1,
      "lastStatement": 2,
      "seen": { "s:4:6:38:Infinity": 0, "f:4:6:4:22": 0, "s:5:2:38:Infinity": 1 }
    }
  },
  "C:\\Users\\ethan\\Coding\\EthanBlackwoodOfficial\\src\\Navigation.jsx": {
    "path": "C:\\Users\\ethan\\Coding\\EthanBlackwoodOfficial\\src\\Navigation.jsx",
    "statementMap": {
      "0": { "start": { "line": 4, "column": 6 }, "end": { "line": 37, "column": null } },
      "1": { "start": { "line": 5, "column": 2 }, "end": { "line": 37, "column": null } },
      "2": { "start": { "line": 10, "column": 25 }, "end": { "line": 10, "column": 46 } }
    },
    "fnMap": {
      "0": {
        "name": "(anonymous_0)",
        "decl": { "start": { "line": 4, "column": 6 }, "end": { "line": 4, "column": 25 } },
        "loc": { "start": { "line": 4, "column": 25 }, "end": { "line": 37, "column": null } },
        "line": 4
      },
      "1": {
        "name": "(anonymous_1)",
        "decl": { "start": { "line": 10, "column": 10 }, "end": { "line": 10, "column": 25 } },
        "loc": { "start": { "line": 10, "column": 25 }, "end": { "line": 10, "column": 46 } },
        "line": 10
      }
    },
    "branchMap": {},
    "s": { "0": 2, "1": 2, "2": 1 },
    "f": { "0": 2, "1": 1 },
    "b": {},
    "meta": {
      "lastBranch": 0,
      "lastFunction": 2,
      "lastStatement": 3,
      "seen": {
        "s:4:6:37:Infinity": 0,
        "f:4:6:4:25": 0,
        "s:5:2:37:Infinity": 1,
        "f:10:10:10:25": 1,
        "s:10:25:10:46": 2
      }
    }
  },
  "C:\\Users\\ethan\\Coding\\EthanBlackwoodOfficial\\src\\Projects.jsx": {
    "path": "C:\\Users\\ethan\\Coding\\EthanBlackwoodOfficial\\src\\Projects.jsx",
    "statementMap": {
      "0": { "start": { "line": 10, "column": 6 }, "end": { "line": 80, "column": null } },
      "1": { "start": { "line": 11, "column": 22 }, "end": { "line": 43, "column": null } },
      "2": { "start": { "line": 45, "column": 2 }, "end": { "line": 80, "column": null } },
      "3": { "start": { "line": 60, "column": 12 }, "end": { "line": 76, "column": null } }
    },
    "fnMap": {
      "0": {
        "name": "(anonymous_0)",
        "decl": { "start": { "line": 10, "column": 6 }, "end": { "line": 10, "column": 23 } },
        "loc": { "start": { "line": 10, "column": 23 }, "end": { "line": 80, "column": null } },
        "line": 10
      },
      "1": {
        "name": "(anonymous_1)",
        "decl": { "start": { "line": 59, "column": 23 }, "end": { "line": 59, "column": 28 } },
        "loc": { "start": { "line": 60, "column": 12 }, "end": { "line": 76, "column": null } },
        "line": 60
      }
    },
    "branchMap": {},
    "s": { "0": 2, "1": 3, "2": 3, "3": 9 },
    "f": { "0": 3, "1": 9 },
    "b": {},
    "meta": {
      "lastBranch": 0,
      "lastFunction": 2,
      "lastStatement": 4,
      "seen": {
        "s:10:6:80:Infinity": 0,
        "f:10:6:10:23": 0,
        "s:11:22:43:Infinity": 1,
        "s:45:2:80:Infinity": 2,
        "f:59:23:59:28": 1,
        "s:60:12:76:Infinity": 3
      }
    }
  },
  "C:\\Users\\ethan\\Coding\\EthanBlackwoodOfficial\\src\\Tech.jsx": {
    "path": "C:\\Users\\ethan\\Coding\\EthanBlackwoodOfficial\\src\\Tech.jsx",
    "statementMap": {
      "0": { "start": { "line": 3, "column": 6 }, "end": { "line": 51, "column": null } },
      "1": { "start": { "line": 4, "column": 17 }, "end": { "line": 28, "column": null } },
      "2": { "start": { "line": 30, "column": 2 }, "end": { "line": 51, "column": null } },
      "3": { "start": { "line": 45, "column": 12 }, "end": { "line": 47, "column": null } }
    },
    "fnMap": {
      "0": {
        "name": "(anonymous_0)",
        "decl": { "start": { "line": 3, "column": 6 }, "end": { "line": 3, "column": 19 } },
        "loc": { "start": { "line": 3, "column": 19 }, "end": { "line": 51, "column": null } },
        "line": 3
      },
      "1": {
        "name": "(anonymous_1)",
        "decl": { "start": { "line": 44, "column": 18 }, "end": { "line": 44, "column": 23 } },
        "loc": { "start": { "line": 45, "column": 12 }, "end": { "line": 47, "column": null } },
        "line": 45
      }
    },
    "branchMap": {},
    "s": { "0": 2, "1": 3, "2": 3, "3": 69 },
    "f": { "0": 3, "1": 69 },
    "b": {},
    "meta": {
      "lastBranch": 0,
      "lastFunction": 2,
      "lastStatement": 4,
      "seen": {
        "s:3:6:51:Infinity": 0,
        "f:3:6:3:19": 0,
        "s:4:17:28:Infinity": 1,
        "s:30:2:51:Infinity": 2,
        "f:44:18:44:23": 1,
        "s:45:12:47:Infinity": 3
      }
    }
  }
}
