{"C:\\Users\\ethan\\Coding\\EthanBlackwoodOfficial\\src\\App.jsx": {"path":"C:\\Users\\ethan\\Coding\\EthanBlackwoodOfficial\\src\\App.jsx","statementMap":{"0":{"start":{"line":9,"column":2},"end":{"line":19,"column":null}}},"fnMap":{"0":{"name":"App","decl":{"start":{"line":8,"column":9},"end":{"line":8,"column":15}},"loc":{"start":{"line":8,"column":15},"end":{"line":19,"column":null}},"line":8}},"branchMap":{},"s":{"0":1},"f":{"0":1},"b":{},"meta":{"lastBranch":0,"lastFunction":1,"lastStatement":1,"seen":{"f:8:9:8:15":0,"s:9:2:19:Infinity":0}}}
,"C:\\Users\\ethan\\Coding\\EthanBlackwoodOfficial\\src\\Contact.jsx": {"path":"C:\\Users\\ethan\\Coding\\EthanBlackwoodOfficial\\src\\Contact.jsx","statementMap":{"0":{"start":{"line":4,"column":6},"end":{"line":102,"column":null}},"1":{"start":{"line":5,"column":2},"end":{"line":5,"column":null}},"2":{"start":{"line":6,"column":23},"end":{"line":6,"column":57}},"3":{"start":{"line":7,"column":20},"end":{"line":7,"column":51}},"4":{"start":{"line":9,"column":23},"end":{"line":36,"column":null}},"5":{"start":{"line":11,"column":4},"end":{"line":11,"column":null}},"6":{"start":{"line":12,"column":4},"end":{"line":12,"column":null}},"7":{"start":{"line":14,"column":17},"end":{"line":14,"column":null}},"8":{"start":{"line":15,"column":17},"end":{"line":15,"column":35}},"9":{"start":{"line":17,"column":4},"end":{"line":33,"column":null}},"10":{"start":{"line":18,"column":23},"end":{"line":24,"column":8}},"11":{"start":{"line":26,"column":6},"end":{"line":30,"column":null}},"12":{"start":{"line":27,"column":8},"end":{"line":27,"column":null}},"13":{"start":{"line":28,"column":8},"end":{"line":28,"column":null}},"14":{"start":{"line":30,"column":8},"end":{"line":30,"column":null}},"15":{"start":{"line":33,"column":6},"end":{"line":33,"column":null}},"16":{"start":{"line":36,"column":4},"end":{"line":36,"column":null}},"17":{"start":{"line":39,"column":2},"end":{"line":102,"column":null}}},"fnMap":{"0":{"name":"(anonymous_0)","decl":{"start":{"line":4,"column":6},"end":{"line":4,"column":22}},"loc":{"start":{"line":4,"column":22},"end":{"line":102,"column":null}},"line":4},"1":{"name":"(anonymous_1)","decl":{"start":{"line":9,"column":23},"end":{"line":9,"column":30}},"loc":{"start":{"line":9,"column":36},"end":{"line":36,"column":null}},"line":9}},"branchMap":{"0":{"loc":{"start":{"line":26,"column":6},"end":{"line":30,"column":null}},"type":"if","locations":[{"start":{"line":26,"column":6},"end":{"line":30,"column":null}},{"start":{"line":29,"column":13},"end":{"line":30,"column":null}}],"line":26},"1":{"loc":{"start":{"line":84,"column":11},"end":{"line":94,"column":null}},"type":"cond-expr","locations":[{"start":{"line":85,"column":12},"end":{"line":92,"column":13}},{"start":{"line":92,"column":12},"end":{"line":94,"column":null}}],"line":84},"2":{"loc":{"start":{"line":93,"column":15},"end":{"line":93,"column":null}},"type":"cond-expr","locations":[{"start":{"line":93,"column":30},"end":{"line":93,"column":48}},{"start":{"line":93,"column":48},"end":{"line":93,"column":null}}],"line":93}},"s":{"0":2,"1":9,"2":9,"3":9,"4":9,"5":3,"6":3,"7":3,"8":3,"9":3,"10":3,"11":2,"12":1,"13":1,"14":1,"15":1,"16":3,"17":9},"f":{"0":9,"1":3},"b":{"0":[1,1],"1":[1,8],"2":[3,5]},"meta":{"lastBranch":3,"lastFunction":2,"lastStatement":18,"seen":{"s:4:6:102:Infinity":0,"f:4:6:4:22":0,"s:5:2:5:Infinity":1,"s:6:23:6:57":2,"s:7:20:7:51":3,"s:9:23:36:Infinity":4,"f:9:23:9:30":1,"s:11:4:11:Infinity":5,"s:12:4:12:Infinity":6,"s:14:17:14:Infinity":7,"s:15:17:15:35":8,"s:17:4:33:Infinity":9,"s:18:23:24:8":10,"b:26:6:30:Infinity:29:13:30:Infinity":0,"s:26:6:30:Infinity":11,"s:27:8:27:Infinity":12,"s:28:8:28:Infinity":13,"s:30:8:30:Infinity":14,"s:33:6:33:Infinity":15,"s:36:4:36:Infinity":16,"s:39:2:102:Infinity":17,"b:85:12:92:13:92:12:94:Infinity":1,"b:93:30:93:48:93:48:93:Infinity":2}}}
,"C:\\Users\\ethan\\Coding\\EthanBlackwoodOfficial\\src\\Education.jsx": {"path":"C:\\Users\\ethan\\Coding\\EthanBlackwoodOfficial\\src\\Education.jsx","statementMap":{"0":{"start":{"line":3,"column":6},"end":{"line":68,"column":null}},"1":{"start":{"line":4,"column":25},"end":{"line":19,"column":null}},"2":{"start":{"line":22,"column":2},"end":{"line":68,"column":null}},"3":{"start":{"line":37,"column":12},"end":{"line":64,"column":null}},"4":{"start":{"line":55,"column":20},"end":{"line":55,"column":null}}},"fnMap":{"0":{"name":"(anonymous_0)","decl":{"start":{"line":3,"column":6},"end":{"line":3,"column":24}},"loc":{"start":{"line":3,"column":24},"end":{"line":68,"column":null}},"line":3},"1":{"name":"(anonymous_1)","decl":{"start":{"line":36,"column":26},"end":{"line":36,"column":31}},"loc":{"start":{"line":37,"column":12},"end":{"line":64,"column":null}},"line":37},"2":{"name":"(anonymous_2)","decl":{"start":{"line":54,"column":31},"end":{"line":54,"column":36}},"loc":{"start":{"line":55,"column":20},"end":{"line":55,"column":null}},"line":55}},"branchMap":{},"s":{"0":2,"1":3,"2":3,"3":3,"4":9},"f":{"0":3,"1":3,"2":9},"b":{},"meta":{"lastBranch":0,"lastFunction":3,"lastStatement":5,"seen":{"s:3:6:68:Infinity":0,"f:3:6:3:24":0,"s:4:25:19:Infinity":1,"s:22:2:68:Infinity":2,"f:36:26:36:31":1,"s:37:12:64:Infinity":3,"f:54:31:54:36":2,"s:55:20:55:Infinity":4}}}
,"C:\\Users\\ethan\\Coding\\EthanBlackwoodOfficial\\src\\Experience.jsx": {"path":"C:\\Users\\ethan\\Coding\\EthanBlackwoodOfficial\\src\\Experience.jsx","statementMap":{"0":{"start":{"line":3,"column":6},"end":{"line":92,"column":null}},"1":{"start":{"line":4,"column":25},"end":{"line":44,"column":null}},"2":{"start":{"line":46,"column":2},"end":{"line":92,"column":null}},"3":{"start":{"line":61,"column":12},"end":{"line":88,"column":null}},"4":{"start":{"line":79,"column":20},"end":{"line":79,"column":null}}},"fnMap":{"0":{"name":"(anonymous_0)","decl":{"start":{"line":3,"column":6},"end":{"line":3,"column":25}},"loc":{"start":{"line":3,"column":25},"end":{"line":92,"column":null}},"line":3},"1":{"name":"(anonymous_1)","decl":{"start":{"line":60,"column":26},"end":{"line":60,"column":31}},"loc":{"start":{"line":61,"column":12},"end":{"line":88,"column":null}},"line":61},"2":{"name":"(anonymous_2)","decl":{"start":{"line":78,"column":31},"end":{"line":78,"column":36}},"loc":{"start":{"line":79,"column":20},"end":{"line":79,"column":null}},"line":79}},"branchMap":{},"s":{"0":2,"1":3,"2":3,"3":9,"4":27},"f":{"0":3,"1":9,"2":27},"b":{},"meta":{"lastBranch":0,"lastFunction":3,"lastStatement":5,"seen":{"s:3:6:92:Infinity":0,"f:3:6:3:25":0,"s:4:25:44:Infinity":1,"s:46:2:92:Infinity":2,"f:60:26:60:31":1,"s:61:12:88:Infinity":3,"f:78:31:78:36":2,"s:79:20:79:Infinity":4}}}
,"C:\\Users\\ethan\\Coding\\EthanBlackwoodOfficial\\src\\Footer.jsx": {"path":"C:\\Users\\ethan\\Coding\\EthanBlackwoodOfficial\\src\\Footer.jsx","statementMap":{"0":{"start":{"line":4,"column":6},"end":{"line":28,"column":null}},"1":{"start":{"line":5,"column":2},"end":{"line":28,"column":null}}},"fnMap":{"0":{"name":"(anonymous_0)","decl":{"start":{"line":4,"column":6},"end":{"line":4,"column":21}},"loc":{"start":{"line":4,"column":21},"end":{"line":28,"column":null}},"line":4}},"branchMap":{},"s":{"0":1,"1":1},"f":{"0":1},"b":{},"meta":{"lastBranch":0,"lastFunction":1,"lastStatement":2,"seen":{"s:4:6:28:Infinity":0,"f:4:6:4:21":0,"s:5:2:28:Infinity":1}}}
,"C:\\Users\\ethan\\Coding\\EthanBlackwoodOfficial\\src\\Home.jsx": {"path":"C:\\Users\\ethan\\Coding\\EthanBlackwoodOfficial\\src\\Home.jsx","statementMap":{"0":{"start":{"line":11,"column":6},"end":{"line":56,"column":null}},"1":{"start":{"line":12,"column":8},"end":{"line":12,"column":32}},"2":{"start":{"line":14,"column":2},"end":{"line":23,"column":null}},"3":{"start":{"line":15,"column":4},"end":{"line":21,"column":null}},"4":{"start":{"line":16,"column":22},"end":{"line":16,"column":73}},"5":{"start":{"line":17,"column":6},"end":{"line":18,"column":null}},"6":{"start":{"line":18,"column":8},"end":{"line":18,"column":null}},"7":{"start":{"line":21,"column":6},"end":{"line":21,"column":null}},"8":{"start":{"line":24,"column":2},"end":{"line":56,"column":null}}},"fnMap":{"0":{"name":"(anonymous_0)","decl":{"start":{"line":11,"column":6},"end":{"line":11,"column":19}},"loc":{"start":{"line":11,"column":19},"end":{"line":56,"column":null}},"line":11},"1":{"name":"(anonymous_1)","decl":{"start":{"line":14,"column":2},"end":{"line":14,"column":18}},"loc":{"start":{"line":14,"column":18},"end":{"line":23,"column":6}},"line":14}},"branchMap":{"0":{"loc":{"start":{"line":15,"column":4},"end":{"line":21,"column":null}},"type":"if","locations":[{"start":{"line":15,"column":4},"end":{"line":21,"column":null}},{"start":{"line":20,"column":11},"end":{"line":21,"column":null}}],"line":15},"1":{"loc":{"start":{"line":17,"column":6},"end":{"line":18,"column":null}},"type":"if","locations":[{"start":{"line":17,"column":6},"end":{"line":18,"column":null}},{"start":{},"end":{}}],"line":17}},"s":{"0":2,"1":3,"2":3,"3":3,"4":1,"5":1,"6":1,"7":2,"8":3},"f":{"0":3,"1":3},"b":{"0":[1,2],"1":[1,0]},"meta":{"lastBranch":2,"lastFunction":2,"lastStatement":9,"seen":{"s:11:6:56:Infinity":0,"f:11:6:11:19":0,"s:12:8:12:32":1,"s:14:2:23:Infinity":2,"f:14:2:14:18":1,"b:15:4:21:Infinity:20:11:21:Infinity":0,"s:15:4:21:Infinity":3,"s:16:22:16:73":4,"b:17:6:18:Infinity:undefined:undefined:undefined:undefined":1,"s:17:6:18:Infinity":5,"s:18:8:18:Infinity":6,"s:21:6:21:Infinity":7,"s:24:2:56:Infinity":8}}}
,"C:\\Users\\ethan\\Coding\\EthanBlackwoodOfficial\\src\\Mission.jsx": {"path":"C:\\Users\\ethan\\Coding\\EthanBlackwoodOfficial\\src\\Mission.jsx","statementMap":{"0":{"start":{"line":4,"column":6},"end":{"line":38,"column":null}},"1":{"start":{"line":5,"column":2},"end":{"line":38,"column":null}}},"fnMap":{"0":{"name":"(anonymous_0)","decl":{"start":{"line":4,"column":6},"end":{"line":4,"column":22}},"loc":{"start":{"line":4,"column":22},"end":{"line":38,"column":null}},"line":4}},"branchMap":{},"s":{"0":2,"1":3},"f":{"0":3},"b":{},"meta":{"lastBranch":0,"lastFunction":1,"lastStatement":2,"seen":{"s:4:6:38:Infinity":0,"f:4:6:4:22":0,"s:5:2:38:Infinity":1}}}
,"C:\\Users\\ethan\\Coding\\EthanBlackwoodOfficial\\src\\Navigation.jsx": {"path":"C:\\Users\\ethan\\Coding\\EthanBlackwoodOfficial\\src\\Navigation.jsx","statementMap":{"0":{"start":{"line":4,"column":6},"end":{"line":37,"column":null}},"1":{"start":{"line":5,"column":2},"end":{"line":37,"column":null}},"2":{"start":{"line":10,"column":25},"end":{"line":10,"column":46}}},"fnMap":{"0":{"name":"(anonymous_0)","decl":{"start":{"line":4,"column":6},"end":{"line":4,"column":25}},"loc":{"start":{"line":4,"column":25},"end":{"line":37,"column":null}},"line":4},"1":{"name":"(anonymous_1)","decl":{"start":{"line":10,"column":10},"end":{"line":10,"column":25}},"loc":{"start":{"line":10,"column":25},"end":{"line":10,"column":46}},"line":10}},"branchMap":{},"s":{"0":2,"1":2,"2":1},"f":{"0":2,"1":1},"b":{},"meta":{"lastBranch":0,"lastFunction":2,"lastStatement":3,"seen":{"s:4:6:37:Infinity":0,"f:4:6:4:25":0,"s:5:2:37:Infinity":1,"f:10:10:10:25":1,"s:10:25:10:46":2}}}
,"C:\\Users\\ethan\\Coding\\EthanBlackwoodOfficial\\src\\Projects.jsx": {"path":"C:\\Users\\ethan\\Coding\\EthanBlackwoodOfficial\\src\\Projects.jsx","statementMap":{"0":{"start":{"line":6,"column":6},"end":{"line":67,"column":null}},"1":{"start":{"line":7,"column":22},"end":{"line":36,"column":null}},"2":{"start":{"line":38,"column":2},"end":{"line":67,"column":null}},"3":{"start":{"line":53,"column":12},"end":{"line":63,"column":null}}},"fnMap":{"0":{"name":"(anonymous_0)","decl":{"start":{"line":6,"column":6},"end":{"line":6,"column":23}},"loc":{"start":{"line":6,"column":23},"end":{"line":67,"column":null}},"line":6},"1":{"name":"(anonymous_1)","decl":{"start":{"line":52,"column":23},"end":{"line":52,"column":28}},"loc":{"start":{"line":53,"column":12},"end":{"line":63,"column":null}},"line":53}},"branchMap":{},"s":{"0":2,"1":3,"2":3,"3":12},"f":{"0":3,"1":12},"b":{},"meta":{"lastBranch":0,"lastFunction":2,"lastStatement":4,"seen":{"s:6:6:67:Infinity":0,"f:6:6:6:23":0,"s:7:22:36:Infinity":1,"s:38:2:67:Infinity":2,"f:52:23:52:28":1,"s:53:12:63:Infinity":3}}}
,"C:\\Users\\ethan\\Coding\\EthanBlackwoodOfficial\\src\\Tech.jsx": {"path":"C:\\Users\\ethan\\Coding\\EthanBlackwoodOfficial\\src\\Tech.jsx","statementMap":{"0":{"start":{"line":3,"column":6},"end":{"line":50,"column":null}},"1":{"start":{"line":4,"column":17},"end":{"line":27,"column":null}},"2":{"start":{"line":29,"column":2},"end":{"line":50,"column":null}},"3":{"start":{"line":44,"column":12},"end":{"line":46,"column":null}}},"fnMap":{"0":{"name":"(anonymous_0)","decl":{"start":{"line":3,"column":6},"end":{"line":3,"column":19}},"loc":{"start":{"line":3,"column":19},"end":{"line":50,"column":null}},"line":3},"1":{"name":"(anonymous_1)","decl":{"start":{"line":43,"column":18},"end":{"line":43,"column":23}},"loc":{"start":{"line":44,"column":12},"end":{"line":46,"column":null}},"line":44}},"branchMap":{},"s":{"0":2,"1":3,"2":3,"3":66},"f":{"0":3,"1":66},"b":{},"meta":{"lastBranch":0,"lastFunction":2,"lastStatement":4,"seen":{"s:3:6:50:Infinity":0,"f:3:6:3:19":0,"s:4:17:27:Infinity":1,"s:29:2:50:Infinity":2,"f:43:18:43:23":1,"s:44:12:46:Infinity":3}}}
}
